<?xml version="1.0" encoding="UTF-8"?>
<!-- Generated by org.testng.reporters.JUnitReportReporter -->
<testsuite hostname="Bangarus-MacBook-Air.local" failures="0" tests="1" name="OrangeCrossBrowser.MainSection" time="34.407" errors="0" timestamp="11 Feb 2024 07:11:29 GMT" skipped="0">
  <testcase classname="OrangeCrossBrowser.MainSection" name="loginWithValidCredentials" time="34.407"/>
</testsuite> <!-- OrangeCrossBrowser.MainSection -->
