<?xml version="1.0" encoding="UTF-8"?>
<!-- Generated by org.testng.reporters.JUnitReportReporter -->
<testsuite hostname="Bangarus-MacBook-Air.local" failures="0" tests="2" name="orangeHRM.SetUpOrangeHRM" time="72.125" errors="0" timestamp="11 Feb 2024 06:31:40 GMT" skipped="0">
  <testcase classname="orangeHRM.SetUpOrangeHRM" name="test" time="38.751"/>
  <testcase classname="orangeHRM.SetUpOrangeHRM" name="test" time="33.374"/>
</testsuite> <!-- orangeHRM.SetUpOrangeHRM -->
